2023-01-17 11:59:26,443 [INFO] Activator:179 - 


2023-01-17 11:59:26,445 [INFO] Activator:180 - !SESSION log4j initialized
2023-01-17 11:59:52,710 [ERROR] LogOutputStream:74 - [STDERR_REDIRECT] SLF4J: Failed to load class "org.slf4j.impl.StaticLoggerBinder".
2023-01-17 11:59:52,712 [ERROR] LogOutputStream:74 - [STDERR_REDIRECT] SLF4J: Defaulting to no-operation (NOP) logger implementation
2023-01-17 11:59:52,718 [ERROR] LogOutputStream:74 - [STDERR_REDIRECT] SLF4J: See http://www.slf4j.org/codes.html#StaticLoggerBinder for further details.
2023-01-20 18:12:05,364 [INFO] Activator:179 - 


2023-01-20 18:12:05,366 [INFO] Activator:180 - !SESSION log4j initialized
2023-01-20 18:12:33,955 [ERROR] LogOutputStream:74 - [STDERR_REDIRECT] SLF4J: Failed to load class "org.slf4j.impl.StaticLoggerBinder".
2023-01-20 18:12:33,956 [ERROR] LogOutputStream:74 - [STDERR_REDIRECT] SLF4J: Defaulting to no-operation (NOP) logger implementation
2023-01-20 18:12:33,959 [ERROR] LogOutputStream:74 - [STDERR_REDIRECT] SLF4J: See http://www.slf4j.org/codes.html#StaticLoggerBinder for further details.
2023-01-20 18:23:59,118 [INFO] Activator:179 - 


2023-01-20 18:23:59,120 [INFO] Activator:180 - !SESSION log4j initialized
2023-01-20 18:24:28,203 [ERROR] LogOutputStream:74 - [STDERR_REDIRECT] SLF4J: Failed to load class "org.slf4j.impl.StaticLoggerBinder".
2023-01-20 18:24:28,204 [ERROR] LogOutputStream:74 - [STDERR_REDIRECT] SLF4J: Defaulting to no-operation (NOP) logger implementation
2023-01-20 18:24:28,205 [ERROR] LogOutputStream:74 - [STDERR_REDIRECT] SLF4J: See http://www.slf4j.org/codes.html#StaticLoggerBinder for further details.
2023-01-20 19:16:09,471 [INFO] Activator:179 - 


2023-01-20 19:16:09,474 [INFO] Activator:180 - !SESSION log4j initialized
2023-01-21 21:43:01,075 [INFO] Activator:179 - 


2023-01-21 21:43:01,078 [INFO] Activator:180 - !SESSION log4j initialized
2023-01-24 14:53:43,766 [INFO] Activator:179 - 


2023-01-24 14:53:43,766 [INFO] Activator:180 - !SESSION log4j initialized
2023-01-24 14:54:12,729 [ERROR] LogOutputStream:74 - [STDERR_REDIRECT] SLF4J: Failed to load class "org.slf4j.impl.StaticLoggerBinder".
2023-01-24 14:54:12,737 [ERROR] LogOutputStream:74 - [STDERR_REDIRECT] SLF4J: Defaulting to no-operation (NOP) logger implementation
2023-01-24 14:54:12,737 [ERROR] LogOutputStream:74 - [STDERR_REDIRECT] SLF4J: See http://www.slf4j.org/codes.html#StaticLoggerBinder for further details.
2023-01-24 14:57:12,723 [INFO] Activator:179 - 


2023-01-24 14:57:12,723 [INFO] Activator:180 - !SESSION log4j initialized
2023-01-24 14:57:40,909 [ERROR] LogOutputStream:74 - [STDERR_REDIRECT] SLF4J: Failed to load class "org.slf4j.impl.StaticLoggerBinder".
2023-01-24 14:57:40,910 [ERROR] LogOutputStream:74 - [STDERR_REDIRECT] SLF4J: Defaulting to no-operation (NOP) logger implementation
2023-01-24 14:57:40,910 [ERROR] LogOutputStream:74 - [STDERR_REDIRECT] SLF4J: See http://www.slf4j.org/codes.html#StaticLoggerBinder for further details.
2023-01-24 15:05:53,661 [INFO] Activator:179 - 


2023-01-24 15:05:53,661 [INFO] Activator:180 - !SESSION log4j initialized
2023-01-24 15:06:21,996 [ERROR] LogOutputStream:74 - [STDERR_REDIRECT] SLF4J: Failed to load class "org.slf4j.impl.StaticLoggerBinder".
2023-01-24 15:06:21,996 [ERROR] LogOutputStream:74 - [STDERR_REDIRECT] SLF4J: Defaulting to no-operation (NOP) logger implementation
2023-01-24 15:06:21,996 [ERROR] LogOutputStream:74 - [STDERR_REDIRECT] SLF4J: See http://www.slf4j.org/codes.html#StaticLoggerBinder for further details.
2023-01-27 11:00:36,765 [INFO] Activator:179 - 


2023-01-27 11:00:36,766 [INFO] Activator:180 - !SESSION log4j initialized
